[0.796s] Invoking command in '/home/eia/ros2_mujoco_integration/build/amr_sim_2511_charlie': PYTHONPATH=/home/eia/ros2_mujoco_integration/build/amr_sim_2511_charlie/prefix_override:/home/eia/.local/lib/python3.10/site-packages/colcon_core/task/python/colcon_distutils_commands:/home/eia/ros2_mujoco_integration/install/amr_sim_2511_charlie/lib/python3.10/site-packages:${PYTHONPATH} /usr/bin/python3 -W ignore:setup.py install is deprecated -W ignore:easy_install command is deprecated setup.py develop --editable --build-directory /home/eia/ros2_mujoco_integration/build/amr_sim_2511_charlie/build --no-deps symlink_data
[1.131s] running develop
[1.357s] running egg_info
[1.373s] writing amr_sim_2511_charlie.egg-info/PKG-INFO
[1.374s] writing dependency_links to amr_sim_2511_charlie.egg-info/dependency_links.txt
[1.374s] writing entry points to amr_sim_2511_charlie.egg-info/entry_points.txt
[1.374s] writing requirements to amr_sim_2511_charlie.egg-info/requires.txt
[1.374s] writing top-level names to amr_sim_2511_charlie.egg-info/top_level.txt
[1.408s] reading manifest file 'amr_sim_2511_charlie.egg-info/SOURCES.txt'
[1.409s] writing manifest file 'amr_sim_2511_charlie.egg-info/SOURCES.txt'
[1.433s] running build_ext
[1.433s] Creating /home/eia/ros2_mujoco_integration/install/amr_sim_2511_charlie/lib/python3.10/site-packages/amr-sim-2511-charlie.egg-link (link to .)
[1.434s] Installing mujoco_car_simulation_init script to /home/eia/ros2_mujoco_integration/install/amr_sim_2511_charlie/lib/amr_sim_2511_charlie
[1.434s] 
[1.434s] Installed /home/eia/ros2_mujoco_integration/build/amr_sim_2511_charlie
[1.434s] running symlink_data
[1.435s] creating /home/eia/ros2_mujoco_integration/install/amr_sim_2511_charlie/share/amr_sim_2511_charlie/config
[1.435s] symbolically linking /home/eia/ros2_mujoco_integration/build/amr_sim_2511_charlie/config/joystick.yaml -> /home/eia/ros2_mujoco_integration/install/amr_sim_2511_charlie/share/amr_sim_2511_charlie/config
[1.435s] symbolically linking /home/eia/ros2_mujoco_integration/build/amr_sim_2511_charlie/config/mux.yaml -> /home/eia/ros2_mujoco_integration/install/amr_sim_2511_charlie/share/amr_sim_2511_charlie/config
[1.460s] Invoked command in '/home/eia/ros2_mujoco_integration/build/amr_sim_2511_charlie' returned '0': PYTHONPATH=/home/eia/ros2_mujoco_integration/build/amr_sim_2511_charlie/prefix_override:/home/eia/.local/lib/python3.10/site-packages/colcon_core/task/python/colcon_distutils_commands:/home/eia/ros2_mujoco_integration/install/amr_sim_2511_charlie/lib/python3.10/site-packages:${PYTHONPATH} /usr/bin/python3 -W ignore:setup.py install is deprecated -W ignore:easy_install command is deprecated setup.py develop --editable --build-directory /home/eia/ros2_mujoco_integration/build/amr_sim_2511_charlie/build --no-deps symlink_data
