[0.953s] Invoking command in '/home/eia/ros2_mujoco_integration/build/amr_sim_2511_charlie': PYTHONPATH=/home/eia/ros2_mujoco_integration/build/amr_sim_2511_charlie/prefix_override:/home/eia/.local/lib/python3.10/site-packages/colcon_core/task/python/colcon_distutils_commands:/home/eia/ros2_mujoco_integration/install/amr_sim_2511_charlie/lib/python3.10/site-packages:${PYTHONPATH} /usr/bin/python3 -W ignore:setup.py install is deprecated -W ignore:easy_install command is deprecated setup.py develop --editable --build-directory /home/eia/ros2_mujoco_integration/build/amr_sim_2511_charlie/build --no-deps symlink_data
[1.315s] running develop
[1.558s] running egg_info
[1.558s] creating amr_sim_2511_charlie.egg-info
[1.576s] writing amr_sim_2511_charlie.egg-info/PKG-INFO
[1.577s] writing dependency_links to amr_sim_2511_charlie.egg-info/dependency_links.txt
[1.577s] writing requirements to amr_sim_2511_charlie.egg-info/requires.txt
[1.577s] writing top-level names to amr_sim_2511_charlie.egg-info/top_level.txt
[1.577s] writing manifest file 'amr_sim_2511_charlie.egg-info/SOURCES.txt'
[1.614s] reading manifest file 'amr_sim_2511_charlie.egg-info/SOURCES.txt'
[1.614s] writing manifest file 'amr_sim_2511_charlie.egg-info/SOURCES.txt'
[1.640s] running build_ext
[1.640s] Creating /home/eia/ros2_mujoco_integration/install/amr_sim_2511_charlie/lib/python3.10/site-packages/amr-sim-2511-charlie.egg-link (link to .)
[1.641s] 
[1.641s] Installed /home/eia/ros2_mujoco_integration/build/amr_sim_2511_charlie
[1.641s] running symlink_data
[1.641s] creating /home/eia/ros2_mujoco_integration/install/amr_sim_2511_charlie/share/ament_index
[1.641s] creating /home/eia/ros2_mujoco_integration/install/amr_sim_2511_charlie/share/ament_index/resource_index
[1.641s] creating /home/eia/ros2_mujoco_integration/install/amr_sim_2511_charlie/share/ament_index/resource_index/packages
[1.641s] symbolically linking /home/eia/ros2_mujoco_integration/build/amr_sim_2511_charlie/resource/amr_sim_2511_charlie -> /home/eia/ros2_mujoco_integration/install/amr_sim_2511_charlie/share/ament_index/resource_index/packages
[1.641s] symbolically linking /home/eia/ros2_mujoco_integration/build/amr_sim_2511_charlie/package.xml -> /home/eia/ros2_mujoco_integration/install/amr_sim_2511_charlie/share/amr_sim_2511_charlie
[1.665s] Invoked command in '/home/eia/ros2_mujoco_integration/build/amr_sim_2511_charlie' returned '0': PYTHONPATH=/home/eia/ros2_mujoco_integration/build/amr_sim_2511_charlie/prefix_override:/home/eia/.local/lib/python3.10/site-packages/colcon_core/task/python/colcon_distutils_commands:/home/eia/ros2_mujoco_integration/install/amr_sim_2511_charlie/lib/python3.10/site-packages:${PYTHONPATH} /usr/bin/python3 -W ignore:setup.py install is deprecated -W ignore:easy_install command is deprecated setup.py develop --editable --build-directory /home/eia/ros2_mujoco_integration/build/amr_sim_2511_charlie/build --no-deps symlink_data
